
> business@1.0.0 scripts:create-users
> node ./scripts/createUsers.js

➤ Created user undefined with ID auth0|6064caf20346230069f74910: {
  created_at: '2021-03-31T19:18:10.050Z',
  email: 'isabela.nascimento@sakata.com.br',
  email_verified: false,
  identities: [
    {
      connection: 'Username-Password-Authentication',
      user_id: '6064caf20346230069f74910',
      provider: 'auth0',
      isSocial: false
    }
  ],
  name: 'undefined Nascimento',
  nickname: 'isabela.nascimento',
  picture: 'https://s.gravatar.com/avatar/e295c6f7c943c90b9dd96aa3ed438a33?s=480&r=pg&d=https%3A%2F%2Fcdn.auth0.com%2Favatars%2Fun.png',
  updated_at: '2021-03-31T19:18:10.050Z',
  user_id: 'auth0|6064caf20346230069f74910'
}
Deprecated as of 10.7.0. highlight(lang, code, ...args) has been deprecated.
Deprecated as of 10.7.0. Please use highlight(code, options) instead.
https://github.com/highlightjs/highlight.js/issues/2277
query: INSERT INTO "user"("id", "created_at", "first_name", "authz_sub", "updated_at", "last_name", "gender", "role", "picture", "nickname", "about", "linked_in_profile_address") VALUES (DEFAULT, DEFAULT, DEFAULT, $1, DEFAULT, $2, $3, $4, DEFAULT, DEFAULT, DEFAULT, DEFAULT) RETURNING "id", "created_at", "updated_at" -- PARAMETERS: ["auth0|6064caf20346230069f74910","Nascimento","FEMALE","Analista"]
➤ Created user undefined with ID auth0|6064caf20f24ee0068151e18: {
  created_at: '2021-03-31T19:18:10.056Z',
  email: 'daniele.miranda@sakata.com.br',
  email_verified: false,
  identities: [
    {
      connection: 'Username-Password-Authentication',
      user_id: '6064caf20f24ee0068151e18',
      provider: 'auth0',
      isSocial: false
    }
  ],
  name: 'undefined Miranda',
  nickname: 'daniele.miranda',
  picture: 'https://s.gravatar.com/avatar/1d5426497f126a15d29bceafca3df98b?s=480&r=pg&d=https%3A%2F%2Fcdn.auth0.com%2Favatars%2Fum.png',
  updated_at: '2021-03-31T19:18:10.056Z',
  user_id: 'auth0|6064caf20f24ee0068151e18'
}
Deprecated as of 10.7.0. highlight(lang, code, ...args) has been deprecated.
Deprecated as of 10.7.0. Please use highlight(code, options) instead.
https://github.com/highlightjs/highlight.js/issues/2277
query failed: INSERT INTO "user"("id", "created_at", "first_name", "authz_sub", "updated_at", "last_name", "gender", "role", "picture", "nickname", "about", "linked_in_profile_address") VALUES (DEFAULT, DEFAULT, DEFAULT, $1, DEFAULT, $2, $3, $4, DEFAULT, DEFAULT, DEFAULT, DEFAULT) RETURNING "id", "created_at", "updated_at" -- PARAMETERS: ["auth0|6064caf20346230069f74910","Nascimento","FEMALE","Analista"]
error: error: null value in column "first_name" of relation "user" violates not-null constraint
    at Parser.parseErrorMessage (/workspaces/business/node_modules/pg-protocol/dist/parser.js:278:15)
    at Parser.handlePacket (/workspaces/business/node_modules/pg-protocol/dist/parser.js:126:29)
    at Parser.parse (/workspaces/business/node_modules/pg-protocol/dist/parser.js:39:38)
    at Socket.<anonymous> (/workspaces/business/node_modules/pg-protocol/dist/index.js:10:42)
    at Socket.emit (node:events:376:20)
    at addChunk (node:internal/streams/readable:311:12)
    at readableAddChunk (node:internal/streams/readable:286:9)
    at Socket.Readable.push (node:internal/streams/readable:225:10)
    at TCP.onStreamRead (node:internal/stream_base_commons:192:23) {
  length: 380,
  severity: 'ERROR',
  code: '23502',
  detail: 'Failing row contains (auth0|6064caf20346230069f74910, 2021-03-31 19:18:10.106357, 2021-03-31 19:18:10.106357, Analista, null, 277fae5a-59df-45b8-ab6b-03321e60da20, FEMALE, null, Nascimento, null, null, null).',
  hint: undefined,
  position: undefined,
  internalPosition: undefined,
  internalQuery: undefined,
  where: undefined,
  schema: 'public',
  table: 'user',
  column: 'first_name',
  dataType: undefined,
  constraint: undefined,
  file: 'execMain.c',
  line: '1953',
  routine: 'ExecConstraints'
}
➤ Created user undefined with ID auth0|6064caf23a3f5700708df272: {
  created_at: '2021-03-31T19:18:10.066Z',
  email: 'julio.passos@sakata.com.br',
  email_verified: false,
  identities: [
    {
      connection: 'Username-Password-Authentication',
      user_id: '6064caf23a3f5700708df272',
      provider: 'auth0',
      isSocial: false
    }
  ],
  name: 'undefined Passos',
  nickname: 'julio.passos',
  picture: 'https://s.gravatar.com/avatar/5e872b5a2d0fa754537655307c7233bf?s=480&r=pg&d=https%3A%2F%2Fcdn.auth0.com%2Favatars%2Fup.png',
  updated_at: '2021-03-31T19:18:10.066Z',
  user_id: 'auth0|6064caf23a3f5700708df272'
}
Deprecated as of 10.7.0. highlight(lang, code, ...args) has been deprecated.
Deprecated as of 10.7.0. Please use highlight(code, options) instead.
https://github.com/highlightjs/highlight.js/issues/2277
query: INSERT INTO "user"("id", "created_at", "first_name", "authz_sub", "updated_at", "last_name", "gender", "role", "picture", "nickname", "about", "linked_in_profile_address") VALUES (DEFAULT, DEFAULT, DEFAULT, $1, DEFAULT, $2, $3, $4, DEFAULT, DEFAULT, DEFAULT, DEFAULT) RETURNING "id", "created_at", "updated_at" -- PARAMETERS: ["auth0|6064caf23a3f5700708df272","Passos","MALE","Gerente Setor"]
➤ Created user undefined with ID auth0|6064caf201e2c500692127e6: {
  created_at: '2021-03-31T19:18:10.083Z',
  email: 'leandro.sapatini@sakata.com.br',
  email_verified: false,
  identities: [
    {
      connection: 'Username-Password-Authentication',
      user_id: '6064caf201e2c500692127e6',
      provider: 'auth0',
      isSocial: false
    }
  ],
  name: 'undefined Sapatini',
  nickname: 'leandro.sapatini',
  picture: 'https://s.gravatar.com/avatar/d1faac3644591aa29304969cb8b71c1c?s=480&r=pg&d=https%3A%2F%2Fcdn.auth0.com%2Favatars%2Fus.png',
  updated_at: '2021-03-31T19:18:10.084Z',
  user_id: 'auth0|6064caf201e2c500692127e6'
}
➤ Created user undefined with ID auth0|6064caf20f24ee0068151e17: {
  created_at: '2021-03-31T19:18:10.081Z',
  email: 'diego.dias@sakata.com.br',
  email_verified: false,
  identities: [
    {
      connection: 'Username-Password-Authentication',
      user_id: '6064caf20f24ee0068151e17',
      provider: 'auth0',
      isSocial: false
    }
  ],
  name: 'undefined Dias',
  nickname: 'diego.dias',
  picture: 'https://s.gravatar.com/avatar/08183f32b0a874be2f2f69fbaa2e7e5c?s=480&r=pg&d=https%3A%2F%2Fcdn.auth0.com%2Favatars%2Fud.png',
  updated_at: '2021-03-31T19:18:10.081Z',
  user_id: 'auth0|6064caf20f24ee0068151e17'
}
Deprecated as of 10.7.0. highlight(lang, code, ...args) has been deprecated.
Deprecated as of 10.7.0. Please use highlight(code, options) instead.
https://github.com/highlightjs/highlight.js/issues/2277
query failed: INSERT INTO "user"("id", "created_at", "first_name", "authz_sub", "updated_at", "last_name", "gender", "role", "picture", "nickname", "about", "linked_in_profile_address") VALUES (DEFAULT, DEFAULT, DEFAULT, $1, DEFAULT, $2, $3, $4, DEFAULT, DEFAULT, DEFAULT, DEFAULT) RETURNING "id", "created_at", "updated_at" -- PARAMETERS: ["auth0|6064caf23a3f5700708df272","Passos","MALE","Gerente Setor"]
error: error: null value in column "first_name" of relation "user" violates not-null constraint
    at Parser.parseErrorMessage (/workspaces/business/node_modules/pg-protocol/dist/parser.js:278:15)
    at Parser.handlePacket (/workspaces/business/node_modules/pg-protocol/dist/parser.js:126:29)
    at Parser.parse (/workspaces/business/node_modules/pg-protocol/dist/parser.js:39:38)
    at Socket.<anonymous> (/workspaces/business/node_modules/pg-protocol/dist/index.js:10:42)
    at Socket.emit (node:events:376:20)
    at addChunk (node:internal/streams/readable:311:12)
    at readableAddChunk (node:internal/streams/readable:286:9)
    at Socket.Readable.push (node:internal/streams/readable:225:10)
    at TCP.onStreamRead (node:internal/stream_base_commons:192:23) {
  length: 379,
  severity: 'ERROR',
  code: '23502',
  detail: 'Failing row contains (auth0|6064caf23a3f5700708df272, 2021-03-31 19:18:10.129018, 2021-03-31 19:18:10.129018, Gerente Setor, null, 7356edba-78fd-455e-bd40-6425102fc0aa, MALE, null, Passos, null, null, null).',
  hint: undefined,
  position: undefined,
  internalPosition: undefined,
  internalQuery: undefined,
  where: undefined,
  schema: 'public',
  table: 'user',
  column: 'first_name',
  dataType: undefined,
  constraint: undefined,
  file: 'execMain.c',
  line: '1953',
  routine: 'ExecConstraints'
}
➤ Created user undefined with ID auth0|6064caf21549f20070e5af22: {
  created_at: '2021-03-31T19:18:10.075Z',
  email: 'alessandro.ferreira@sakata.com.br',
  email_verified: false,
  identities: [
    {
      connection: 'Username-Password-Authentication',
      user_id: '6064caf21549f20070e5af22',
      provider: 'auth0',
      isSocial: false
    }
  ],
  name: 'undefined Ferreira',
  nickname: 'alessandro.ferreira',
  picture: 'https://s.gravatar.com/avatar/1a88950dc907877d67b772a448d9f990?s=480&r=pg&d=https%3A%2F%2Fcdn.auth0.com%2Favatars%2Fuf.png',
  updated_at: '2021-03-31T19:18:10.075Z',
  user_id: 'auth0|6064caf21549f20070e5af22'
}
Deprecated as of 10.7.0. highlight(lang, code, ...args) has been deprecated.
Deprecated as of 10.7.0. Please use highlight(code, options) instead.
https://github.com/highlightjs/highlight.js/issues/2277
query: INSERT INTO "user"("id", "created_at", "first_name", "authz_sub", "updated_at", "last_name", "gender", "role", "picture", "nickname", "about", "linked_in_profile_address") VALUES (DEFAULT, DEFAULT, DEFAULT, $1, DEFAULT, $2, $3, $4, DEFAULT, DEFAULT, DEFAULT, DEFAULT) RETURNING "id", "created_at", "updated_at" -- PARAMETERS: ["auth0|6064caf21549f20070e5af22","Ferreira","MALE","Auxiliar"]
Deprecated as of 10.7.0. highlight(lang, code, ...args) has been deprecated.
Deprecated as of 10.7.0. Please use highlight(code, options) instead.
https://github.com/highlightjs/highlight.js/issues/2277
query: INSERT INTO "user"("id", "created_at", "first_name", "authz_sub", "updated_at", "last_name", "gender", "role", "picture", "nickname", "about", "linked_in_profile_address") VALUES (DEFAULT, DEFAULT, DEFAULT, $1, DEFAULT, $2, $3, $4, DEFAULT, DEFAULT, DEFAULT, DEFAULT) RETURNING "id", "created_at", "updated_at" -- PARAMETERS: ["auth0|6064caf20f24ee0068151e18","Miranda","FEMALE","Auxiliar"]
➤ Created user undefined with ID auth0|6064caf20346230069f74913: {
  created_at: '2021-03-31T19:18:10.124Z',
  email: 'israel.leite@sakata.com.br',
  email_verified: false,
  identities: [
    {
      connection: 'Username-Password-Authentication',
      user_id: '6064caf20346230069f74913',
      provider: 'auth0',
      isSocial: false
    }
  ],
  name: 'undefined Leite',
  nickname: 'israel.leite',
  picture: 'https://s.gravatar.com/avatar/0fb5d8ae804a58b293b1a25eae665565?s=480&r=pg&d=https%3A%2F%2Fcdn.auth0.com%2Favatars%2Ful.png',
  updated_at: '2021-03-31T19:18:10.124Z',
  user_id: 'auth0|6064caf20346230069f74913'
}
Deprecated as of 10.7.0. highlight(lang, code, ...args) has been deprecated.
Deprecated as of 10.7.0. Please use highlight(code, options) instead.
https://github.com/highlightjs/highlight.js/issues/2277
query failed: INSERT INTO "user"("id", "created_at", "first_name", "authz_sub", "updated_at", "last_name", "gender", "role", "picture", "nickname", "about", "linked_in_profile_address") VALUES (DEFAULT, DEFAULT, DEFAULT, $1, DEFAULT, $2, $3, $4, DEFAULT, DEFAULT, DEFAULT, DEFAULT) RETURNING "id", "created_at", "updated_at" -- PARAMETERS: ["auth0|6064caf20f24ee0068151e18","Miranda","FEMALE","Auxiliar"]
error: error: null value in column "first_name" of relation "user" violates not-null constraint
    at Parser.parseErrorMessage (/workspaces/business/node_modules/pg-protocol/dist/parser.js:278:15)
    at Parser.handlePacket (/workspaces/business/node_modules/pg-protocol/dist/parser.js:126:29)
    at Parser.parse (/workspaces/business/node_modules/pg-protocol/dist/parser.js:39:38)
    at Socket.<anonymous> (/workspaces/business/node_modules/pg-protocol/dist/index.js:10:42)
    at Socket.emit (node:events:376:20)
    at addChunk (node:internal/streams/readable:311:12)
    at readableAddChunk (node:internal/streams/readable:286:9)
    at Socket.Readable.push (node:internal/streams/readable:225:10)
    at TCP.onStreamRead (node:internal/stream_base_commons:192:23) {
  length: 375,
  severity: 'ERROR',
  code: '23502',
  detail: 'Failing row contains (auth0|6064caf20f24ee0068151e18, 2021-03-31 19:18:10.15464, 2021-03-31 19:18:10.15464, Auxiliar, null, ae2be4f8-5175-41f9-87f1-bf9ad9174f4b, FEMALE, null, Miranda, null, null, null).',
  hint: undefined,
  position: undefined,
  internalPosition: undefined,
  internalQuery: undefined,
  where: undefined,
  schema: 'public',
  table: 'user',
  column: 'first_name',
  dataType: undefined,
  constraint: undefined,
  file: 'execMain.c',
  line: '1953',
  routine: 'ExecConstraints'
}
Deprecated as of 10.7.0. highlight(lang, code, ...args) has been deprecated.
Deprecated as of 10.7.0. Please use highlight(code, options) instead.
https://github.com/highlightjs/highlight.js/issues/2277
query failed: INSERT INTO "user"("id", "created_at", "first_name", "authz_sub", "updated_at", "last_name", "gender", "role", "picture", "nickname", "about", "linked_in_profile_address") VALUES (DEFAULT, DEFAULT, DEFAULT, $1, DEFAULT, $2, $3, $4, DEFAULT, DEFAULT, DEFAULT, DEFAULT) RETURNING "id", "created_at", "updated_at" -- PARAMETERS: ["auth0|6064caf21549f20070e5af22","Ferreira","MALE","Auxiliar"]
error: error: null value in column "first_name" of relation "user" violates not-null constraint
    at Parser.parseErrorMessage (/workspaces/business/node_modules/pg-protocol/dist/parser.js:278:15)
    at Parser.handlePacket (/workspaces/business/node_modules/pg-protocol/dist/parser.js:126:29)
    at Parser.parse (/workspaces/business/node_modules/pg-protocol/dist/parser.js:39:38)
    at Socket.<anonymous> (/workspaces/business/node_modules/pg-protocol/dist/index.js:10:42)
    at Socket.emit (node:events:376:20)
    at addChunk (node:internal/streams/readable:311:12)
    at readableAddChunk (node:internal/streams/readable:286:9)
    at Socket.Readable.push (node:internal/streams/readable:225:10)
    at TCP.onStreamRead (node:internal/stream_base_commons:192:23) {
  length: 376,
  severity: 'ERROR',
  code: '23502',
  detail: 'Failing row contains (auth0|6064caf21549f20070e5af22, 2021-03-31 19:18:10.151275, 2021-03-31 19:18:10.151275, Auxiliar, null, 9e751f56-87e0-4fa1-8c9a-fa0938ba0aa3, MALE, null, Ferreira, null, null, null).',
  hint: undefined,
  position: undefined,
  internalPosition: undefined,
  internalQuery: undefined,
  where: undefined,
  schema: 'public',
  table: 'user',
  column: 'first_name',
  dataType: undefined,
  constraint: undefined,
  file: 'execMain.c',
  line: '1953',
  routine: 'ExecConstraints'
}
➤ Created user undefined with ID auth0|6064caf23a3f5700708df273: {
  created_at: '2021-03-31T19:18:10.113Z',
  email: 'jose.cavalcanti@sakata.com.br',
  email_verified: false,
  identities: [
    {
      connection: 'Username-Password-Authentication',
      user_id: '6064caf23a3f5700708df273',
      provider: 'auth0',
      isSocial: false
    }
  ],
  name: 'undefined Cavalcanti',
  nickname: 'jose.cavalcanti',
  picture: 'https://s.gravatar.com/avatar/f77bdbc922e5fe201104d82c77e7c930?s=480&r=pg&d=https%3A%2F%2Fcdn.auth0.com%2Favatars%2Fuc.png',
  updated_at: '2021-03-31T19:18:10.113Z',
  user_id: 'auth0|6064caf23a3f5700708df273'
}
Deprecated as of 10.7.0. highlight(lang, code, ...args) has been deprecated.
Deprecated as of 10.7.0. Please use highlight(code, options) instead.
https://github.com/highlightjs/highlight.js/issues/2277
query: INSERT INTO "user"("id", "created_at", "first_name", "authz_sub", "updated_at", "last_name", "gender", "role", "picture", "nickname", "about", "linked_in_profile_address") VALUES (DEFAULT, DEFAULT, DEFAULT, $1, DEFAULT, $2, $3, $4, DEFAULT, DEFAULT, DEFAULT, DEFAULT) RETURNING "id", "created_at", "updated_at" -- PARAMETERS: ["auth0|6064caf23a3f5700708df273","Cavalcanti","MALE","Assistente"]
Deprecated as of 10.7.0. highlight(lang, code, ...args) has been deprecated.
Deprecated as of 10.7.0. Please use highlight(code, options) instead.
https://github.com/highlightjs/highlight.js/issues/2277
query: INSERT INTO "user"("id", "created_at", "first_name", "authz_sub", "updated_at", "last_name", "gender", "role", "picture", "nickname", "about", "linked_in_profile_address") VALUES (DEFAULT, DEFAULT, DEFAULT, $1, DEFAULT, $2, $3, $4, DEFAULT, DEFAULT, DEFAULT, DEFAULT) RETURNING "id", "created_at", "updated_at" -- PARAMETERS: ["auth0|6064caf201e2c500692127e6","Sapatini","MALE","Gerente Setor"]
Deprecated as of 10.7.0. highlight(lang, code, ...args) has been deprecated.
Deprecated as of 10.7.0. Please use highlight(code, options) instead.
https://github.com/highlightjs/highlight.js/issues/2277
query failed: INSERT INTO "user"("id", "created_at", "first_name", "authz_sub", "updated_at", "last_name", "gender", "role", "picture", "nickname", "about", "linked_in_profile_address") VALUES (DEFAULT, DEFAULT, DEFAULT, $1, DEFAULT, $2, $3, $4, DEFAULT, DEFAULT, DEFAULT, DEFAULT) RETURNING "id", "created_at", "updated_at" -- PARAMETERS: ["auth0|6064caf201e2c500692127e6","Sapatini","MALE","Gerente Setor"]
error: error: null value in column "first_name" of relation "user" violates not-null constraint
    at Parser.parseErrorMessage (/workspaces/business/node_modules/pg-protocol/dist/parser.js:278:15)
    at Parser.handlePacket (/workspaces/business/node_modules/pg-protocol/dist/parser.js:126:29)
    at Parser.parse (/workspaces/business/node_modules/pg-protocol/dist/parser.js:39:38)
    at Socket.<anonymous> (/workspaces/business/node_modules/pg-protocol/dist/index.js:10:42)
    at Socket.emit (node:events:376:20)
    at addChunk (node:internal/streams/readable:311:12)
    at readableAddChunk (node:internal/streams/readable:286:9)
    at Socket.Readable.push (node:internal/streams/readable:225:10)
    at TCP.onStreamRead (node:internal/stream_base_commons:192:23) {
  length: 381,
  severity: 'ERROR',
  code: '23502',
  detail: 'Failing row contains (auth0|6064caf201e2c500692127e6, 2021-03-31 19:18:10.174373, 2021-03-31 19:18:10.174373, Gerente Setor, null, ae9267d3-9a99-4fba-a068-326ce850f48a, MALE, null, Sapatini, null, null, null).',
  hint: undefined,
  position: undefined,
  internalPosition: undefined,
  internalQuery: undefined,
  where: undefined,
  schema: 'public',
  table: 'user',
  column: 'first_name',
  dataType: undefined,
  constraint: undefined,
  file: 'execMain.c',
  line: '1953',
  routine: 'ExecConstraints'
}
Deprecated as of 10.7.0. highlight(lang, code, ...args) has been deprecated.
Deprecated as of 10.7.0. Please use highlight(code, options) instead.
https://github.com/highlightjs/highlight.js/issues/2277
query: INSERT INTO "user"("id", "created_at", "first_name", "authz_sub", "updated_at", "last_name", "gender", "role", "picture", "nickname", "about", "linked_in_profile_address") VALUES (DEFAULT, DEFAULT, DEFAULT, $1, DEFAULT, $2, $3, $4, DEFAULT, DEFAULT, DEFAULT, DEFAULT) RETURNING "id", "created_at", "updated_at" -- PARAMETERS: ["auth0|6064caf20f24ee0068151e17","Dias","MALE","Auxiliar"]
Deprecated as of 10.7.0. highlight(lang, code, ...args) has been deprecated.
Deprecated as of 10.7.0. Please use highlight(code, options) instead.
https://github.com/highlightjs/highlight.js/issues/2277
query failed: INSERT INTO "user"("id", "created_at", "first_name", "authz_sub", "updated_at", "last_name", "gender", "role", "picture", "nickname", "about", "linked_in_profile_address") VALUES (DEFAULT, DEFAULT, DEFAULT, $1, DEFAULT, $2, $3, $4, DEFAULT, DEFAULT, DEFAULT, DEFAULT) RETURNING "id", "created_at", "updated_at" -- PARAMETERS: ["auth0|6064caf23a3f5700708df273","Cavalcanti","MALE","Assistente"]
error: error: null value in column "first_name" of relation "user" violates not-null constraint
    at Parser.parseErrorMessage (/workspaces/business/node_modules/pg-protocol/dist/parser.js:278:15)
    at Parser.handlePacket (/workspaces/business/node_modules/pg-protocol/dist/parser.js:126:29)
    at Parser.parse (/workspaces/business/node_modules/pg-protocol/dist/parser.js:39:38)
    at Socket.<anonymous> (/workspaces/business/node_modules/pg-protocol/dist/index.js:10:42)
    at Socket.emit (node:events:376:20)
    at addChunk (node:internal/streams/readable:311:12)
    at readableAddChunk (node:internal/streams/readable:286:9)
    at Socket.Readable.push (node:internal/streams/readable:225:10)
    at TCP.onStreamRead (node:internal/stream_base_commons:192:23) {
  length: 380,
  severity: 'ERROR',
  code: '23502',
  detail: 'Failing row contains (auth0|6064caf23a3f5700708df273, 2021-03-31 19:18:10.171936, 2021-03-31 19:18:10.171936, Assistente, null, 2afc35e2-e5b3-435b-b7cf-61bdd78f98d0, MALE, null, Cavalcanti, null, null, null).',
  hint: undefined,
  position: undefined,
  internalPosition: undefined,
  internalQuery: undefined,
  where: undefined,
  schema: 'public',
  table: 'user',
  column: 'first_name',
  dataType: undefined,
  constraint: undefined,
  file: 'execMain.c',
  line: '1953',
  routine: 'ExecConstraints'
}
Deprecated as of 10.7.0. highlight(lang, code, ...args) has been deprecated.
Deprecated as of 10.7.0. Please use highlight(code, options) instead.
https://github.com/highlightjs/highlight.js/issues/2277
query failed: INSERT INTO "user"("id", "created_at", "first_name", "authz_sub", "updated_at", "last_name", "gender", "role", "picture", "nickname", "about", "linked_in_profile_address") VALUES (DEFAULT, DEFAULT, DEFAULT, $1, DEFAULT, $2, $3, $4, DEFAULT, DEFAULT, DEFAULT, DEFAULT) RETURNING "id", "created_at", "updated_at" -- PARAMETERS: ["auth0|6064caf20f24ee0068151e17","Dias","MALE","Auxiliar"]
error: error: null value in column "first_name" of relation "user" violates not-null constraint
    at Parser.parseErrorMessage (/workspaces/business/node_modules/pg-protocol/dist/parser.js:278:15)
    at Parser.handlePacket (/workspaces/business/node_modules/pg-protocol/dist/parser.js:126:29)
    at Parser.parse (/workspaces/business/node_modules/pg-protocol/dist/parser.js:39:38)
    at Socket.<anonymous> (/workspaces/business/node_modules/pg-protocol/dist/index.js:10:42)
    at Socket.emit (node:events:376:20)
    at addChunk (node:internal/streams/readable:311:12)
    at readableAddChunk (node:internal/streams/readable:286:9)
    at Socket.Readable.push (node:internal/streams/readable:225:10)
    at TCP.onStreamRead (node:internal/stream_base_commons:192:23) {
  length: 372,
  severity: 'ERROR',
  code: '23502',
  detail: 'Failing row contains (auth0|6064caf20f24ee0068151e17, 2021-03-31 19:18:10.182082, 2021-03-31 19:18:10.182082, Auxiliar, null, ea5c1c54-646e-4ed7-b889-2548ddf1c1fb, MALE, null, Dias, null, null, null).',
  hint: undefined,
  position: undefined,
  internalPosition: undefined,
  internalQuery: undefined,
  where: undefined,
  schema: 'public',
  table: 'user',
  column: 'first_name',
  dataType: undefined,
  constraint: undefined,
  file: 'execMain.c',
  line: '1953',
  routine: 'ExecConstraints'
}
Deprecated as of 10.7.0. highlight(lang, code, ...args) has been deprecated.
Deprecated as of 10.7.0. Please use highlight(code, options) instead.
https://github.com/highlightjs/highlight.js/issues/2277
query: INSERT INTO "user"("id", "created_at", "first_name", "authz_sub", "updated_at", "last_name", "gender", "role", "picture", "nickname", "about", "linked_in_profile_address") VALUES (DEFAULT, DEFAULT, DEFAULT, $1, DEFAULT, $2, $3, $4, DEFAULT, DEFAULT, DEFAULT, DEFAULT) RETURNING "id", "created_at", "updated_at" -- PARAMETERS: ["auth0|6064caf20346230069f74913","Leite","MALE","Gerente Setor"]
Deprecated as of 10.7.0. highlight(lang, code, ...args) has been deprecated.
Deprecated as of 10.7.0. Please use highlight(code, options) instead.
https://github.com/highlightjs/highlight.js/issues/2277
query failed: INSERT INTO "user"("id", "created_at", "first_name", "authz_sub", "updated_at", "last_name", "gender", "role", "picture", "nickname", "about", "linked_in_profile_address") VALUES (DEFAULT, DEFAULT, DEFAULT, $1, DEFAULT, $2, $3, $4, DEFAULT, DEFAULT, DEFAULT, DEFAULT) RETURNING "id", "created_at", "updated_at" -- PARAMETERS: ["auth0|6064caf20346230069f74913","Leite","MALE","Gerente Setor"]
error: error: null value in column "first_name" of relation "user" violates not-null constraint
    at Parser.parseErrorMessage (/workspaces/business/node_modules/pg-protocol/dist/parser.js:278:15)
    at Parser.handlePacket (/workspaces/business/node_modules/pg-protocol/dist/parser.js:126:29)
    at Parser.parse (/workspaces/business/node_modules/pg-protocol/dist/parser.js:39:38)
    at Socket.<anonymous> (/workspaces/business/node_modules/pg-protocol/dist/index.js:10:42)
    at Socket.emit (node:events:376:20)
    at addChunk (node:internal/streams/readable:311:12)
    at readableAddChunk (node:internal/streams/readable:286:9)
    at Socket.Readable.push (node:internal/streams/readable:225:10)
    at TCP.onStreamRead (node:internal/stream_base_commons:192:23) {
  length: 378,
  severity: 'ERROR',
  code: '23502',
  detail: 'Failing row contains (auth0|6064caf20346230069f74913, 2021-03-31 19:18:10.194739, 2021-03-31 19:18:10.194739, Gerente Setor, null, d1bd2f9a-2320-491a-8be0-718563209f97, MALE, null, Leite, null, null, null).',
  hint: undefined,
  position: undefined,
  internalPosition: undefined,
  internalQuery: undefined,
  where: undefined,
  schema: 'public',
  table: 'user',
  column: 'first_name',
  dataType: undefined,
  constraint: undefined,
  file: 'execMain.c',
  line: '1953',
  routine: 'ExecConstraints'
}
➤ Created user undefined with ID auth0|6064caf22a3e2e006931b368: {
  created_at: '2021-03-31T19:18:10.201Z',
  email: 'joao.silva@sakata.com.br',
  email_verified: false,
  identities: [
    {
      connection: 'Username-Password-Authentication',
      user_id: '6064caf22a3e2e006931b368',
      provider: 'auth0',
      isSocial: false
    }
  ],
  name: 'undefined Silva',
  nickname: 'joao.silva',
  picture: 'https://s.gravatar.com/avatar/57f417e12435c2b4b31d5b7da0841a73?s=480&r=pg&d=https%3A%2F%2Fcdn.auth0.com%2Favatars%2Fus.png',
  updated_at: '2021-03-31T19:18:10.201Z',
  user_id: 'auth0|6064caf22a3e2e006931b368'
}
Deprecated as of 10.7.0. highlight(lang, code, ...args) has been deprecated.
Deprecated as of 10.7.0. Please use highlight(code, options) instead.
https://github.com/highlightjs/highlight.js/issues/2277
query: INSERT INTO "user"("id", "created_at", "first_name", "authz_sub", "updated_at", "last_name", "gender", "role", "picture", "nickname", "about", "linked_in_profile_address") VALUES (DEFAULT, DEFAULT, DEFAULT, $1, DEFAULT, $2, $3, $4, DEFAULT, DEFAULT, DEFAULT, DEFAULT) RETURNING "id", "created_at", "updated_at" -- PARAMETERS: ["auth0|6064caf22a3e2e006931b368","Silva","MALE","Auxiliar"]
➤ Created user undefined with ID auth0|6064caf20346230069f74911: {
  created_at: '2021-03-31T19:18:10.204Z',
  email: 'jefferson.colombo@sakata.com.br',
  email_verified: false,
  identities: [
    {
      connection: 'Username-Password-Authentication',
      user_id: '6064caf20346230069f74911',
      provider: 'auth0',
      isSocial: false
    }
  ],
  name: 'undefined Colombo',
  nickname: 'jefferson.colombo',
  picture: 'https://s.gravatar.com/avatar/7515bfe713bb7b20e603fe80f743c6a6?s=480&r=pg&d=https%3A%2F%2Fcdn.auth0.com%2Favatars%2Fuc.png',
  updated_at: '2021-03-31T19:18:10.204Z',
  user_id: 'auth0|6064caf20346230069f74911'
}
Deprecated as of 10.7.0. highlight(lang, code, ...args) has been deprecated.
Deprecated as of 10.7.0. Please use highlight(code, options) instead.
https://github.com/highlightjs/highlight.js/issues/2277
query: INSERT INTO "user"("id", "created_at", "first_name", "authz_sub", "updated_at", "last_name", "gender", "role", "picture", "nickname", "about", "linked_in_profile_address") VALUES (DEFAULT, DEFAULT, DEFAULT, $1, DEFAULT, $2, $3, $4, DEFAULT, DEFAULT, DEFAULT, DEFAULT) RETURNING "id", "created_at", "updated_at" -- PARAMETERS: ["auth0|6064caf20346230069f74911","Colombo","MALE","Assistente"]
Deprecated as of 10.7.0. highlight(lang, code, ...args) has been deprecated.
Deprecated as of 10.7.0. Please use highlight(code, options) instead.
https://github.com/highlightjs/highlight.js/issues/2277
query failed: INSERT INTO "user"("id", "created_at", "first_name", "authz_sub", "updated_at", "last_name", "gender", "role", "picture", "nickname", "about", "linked_in_profile_address") VALUES (DEFAULT, DEFAULT, DEFAULT, $1, DEFAULT, $2, $3, $4, DEFAULT, DEFAULT, DEFAULT, DEFAULT) RETURNING "id", "created_at", "updated_at" -- PARAMETERS: ["auth0|6064caf22a3e2e006931b368","Silva","MALE","Auxiliar"]
error: error: null value in column "first_name" of relation "user" violates not-null constraint
    at Parser.parseErrorMessage (/workspaces/business/node_modules/pg-protocol/dist/parser.js:278:15)
    at Parser.handlePacket (/workspaces/business/node_modules/pg-protocol/dist/parser.js:126:29)
    at Parser.parse (/workspaces/business/node_modules/pg-protocol/dist/parser.js:39:38)
    at Socket.<anonymous> (/workspaces/business/node_modules/pg-protocol/dist/index.js:10:42)
    at Socket.emit (node:events:376:20)
    at addChunk (node:internal/streams/readable:311:12)
    at readableAddChunk (node:internal/streams/readable:286:9)
    at Socket.Readable.push (node:internal/streams/readable:225:10)
    at TCP.onStreamRead (node:internal/stream_base_commons:192:23) {
  length: 373,
  severity: 'ERROR',
  code: '23502',
  detail: 'Failing row contains (auth0|6064caf22a3e2e006931b368, 2021-03-31 19:18:10.240335, 2021-03-31 19:18:10.240335, Auxiliar, null, 5a0f2fa0-76da-43ee-ae2d-454543969383, MALE, null, Silva, null, null, null).',
  hint: undefined,
  position: undefined,
  internalPosition: undefined,
  internalQuery: undefined,
  where: undefined,
  schema: 'public',
  table: 'user',
  column: 'first_name',
  dataType: undefined,
  constraint: undefined,
  file: 'execMain.c',
  line: '1953',
  routine: 'ExecConstraints'
}
Deprecated as of 10.7.0. highlight(lang, code, ...args) has been deprecated.
Deprecated as of 10.7.0. Please use highlight(code, options) instead.
https://github.com/highlightjs/highlight.js/issues/2277
query failed: INSERT INTO "user"("id", "created_at", "first_name", "authz_sub", "updated_at", "last_name", "gender", "role", "picture", "nickname", "about", "linked_in_profile_address") VALUES (DEFAULT, DEFAULT, DEFAULT, $1, DEFAULT, $2, $3, $4, DEFAULT, DEFAULT, DEFAULT, DEFAULT) RETURNING "id", "created_at", "updated_at" -- PARAMETERS: ["auth0|6064caf20346230069f74911","Colombo","MALE","Assistente"]
error: error: null value in column "first_name" of relation "user" violates not-null constraint
    at Parser.parseErrorMessage (/workspaces/business/node_modules/pg-protocol/dist/parser.js:278:15)
    at Parser.handlePacket (/workspaces/business/node_modules/pg-protocol/dist/parser.js:126:29)
    at Parser.parse (/workspaces/business/node_modules/pg-protocol/dist/parser.js:39:38)
    at Socket.<anonymous> (/workspaces/business/node_modules/pg-protocol/dist/index.js:10:42)
    at Socket.emit (node:events:376:20)
    at addChunk (node:internal/streams/readable:311:12)
    at readableAddChunk (node:internal/streams/readable:286:9)
    at Socket.Readable.push (node:internal/streams/readable:225:10)
    at TCP.onStreamRead (node:internal/stream_base_commons:192:23) {
  length: 377,
  severity: 'ERROR',
  code: '23502',
  detail: 'Failing row contains (auth0|6064caf20346230069f74911, 2021-03-31 19:18:10.243575, 2021-03-31 19:18:10.243575, Assistente, null, 063e8ca2-8daf-4b97-a213-3d9bf21fcc6c, MALE, null, Colombo, null, null, null).',
  hint: undefined,
  position: undefined,
  internalPosition: undefined,
  internalQuery: undefined,
  where: undefined,
  schema: 'public',
  table: 'user',
  column: 'first_name',
  dataType: undefined,
  constraint: undefined,
  file: 'execMain.c',
  line: '1953',
  routine: 'ExecConstraints'
}
➤ Created user undefined with ID auth0|6064caf301e2c500692127e8: {
  created_at: '2021-03-31T19:18:11.152Z',
  email: 'lais.procaccini@sakata.com.br',
  email_verified: false,
  identities: [
    {
      connection: 'Username-Password-Authentication',
      user_id: '6064caf301e2c500692127e8',
      provider: 'auth0',
      isSocial: false
    }
  ],
  name: 'undefined Procaccini',
  nickname: 'lais.procaccini',
  picture: 'https://s.gravatar.com/avatar/d31f4186a2936a5b305ab7da9d80afb8?s=480&r=pg&d=https%3A%2F%2Fcdn.auth0.com%2Favatars%2Fup.png',
  updated_at: '2021-03-31T19:18:11.152Z',
  user_id: 'auth0|6064caf301e2c500692127e8'
}
Deprecated as of 10.7.0. highlight(lang, code, ...args) has been deprecated.
Deprecated as of 10.7.0. Please use highlight(code, options) instead.
https://github.com/highlightjs/highlight.js/issues/2277
query: INSERT INTO "user"("id", "created_at", "first_name", "authz_sub", "updated_at", "last_name", "gender", "role", "picture", "nickname", "about", "linked_in_profile_address") VALUES (DEFAULT, DEFAULT, DEFAULT, $1, DEFAULT, $2, $3, $4, DEFAULT, DEFAULT, DEFAULT, DEFAULT) RETURNING "id", "created_at", "updated_at" -- PARAMETERS: ["auth0|6064caf301e2c500692127e8","Procaccini","FEMALE","Auxiliar"]
Deprecated as of 10.7.0. highlight(lang, code, ...args) has been deprecated.
Deprecated as of 10.7.0. Please use highlight(code, options) instead.
https://github.com/highlightjs/highlight.js/issues/2277
query failed: INSERT INTO "user"("id", "created_at", "first_name", "authz_sub", "updated_at", "last_name", "gender", "role", "picture", "nickname", "about", "linked_in_profile_address") VALUES (DEFAULT, DEFAULT, DEFAULT, $1, DEFAULT, $2, $3, $4, DEFAULT, DEFAULT, DEFAULT, DEFAULT) RETURNING "id", "created_at", "updated_at" -- PARAMETERS: ["auth0|6064caf301e2c500692127e8","Procaccini","FEMALE","Auxiliar"]
error: error: null value in column "first_name" of relation "user" violates not-null constraint
    at Parser.parseErrorMessage (/workspaces/business/node_modules/pg-protocol/dist/parser.js:278:15)
    at Parser.handlePacket (/workspaces/business/node_modules/pg-protocol/dist/parser.js:126:29)
    at Parser.parse (/workspaces/business/node_modules/pg-protocol/dist/parser.js:39:38)
    at Socket.<anonymous> (/workspaces/business/node_modules/pg-protocol/dist/index.js:10:42)
    at Socket.emit (node:events:376:20)
    at addChunk (node:internal/streams/readable:311:12)
    at readableAddChunk (node:internal/streams/readable:286:9)
    at Socket.Readable.push (node:internal/streams/readable:225:10)
    at TCP.onStreamRead (node:internal/stream_base_commons:192:23) {
  length: 380,
  severity: 'ERROR',
  code: '23502',
  detail: 'Failing row contains (auth0|6064caf301e2c500692127e8, 2021-03-31 19:18:11.183903, 2021-03-31 19:18:11.183903, Auxiliar, null, b1f801c0-3489-41e7-9338-d8ca82f7756d, FEMALE, null, Procaccini, null, null, null).',
  hint: undefined,
  position: undefined,
  internalPosition: undefined,
  internalQuery: undefined,
  where: undefined,
  schema: 'public',
  table: 'user',
  column: 'first_name',
  dataType: undefined,
  constraint: undefined,
  file: 'execMain.c',
  line: '1953',
  routine: 'ExecConstraints'
}
➤ Created user undefined with ID auth0|6064caf301e2c500692127ea: {
  created_at: '2021-03-31T19:18:11.479Z',
  email: 'livio.takahashi@sakata.com.br',
  email_verified: false,
  identities: [
    {
      connection: 'Username-Password-Authentication',
      user_id: '6064caf301e2c500692127ea',
      provider: 'auth0',
      isSocial: false
    }
  ],
  name: 'undefined Takahashi',
  nickname: 'livio.takahashi',
  picture: 'https://s.gravatar.com/avatar/1fa7b52936217da1413c2ad5ece06f27?s=480&r=pg&d=https%3A%2F%2Fcdn.auth0.com%2Favatars%2Fut.png',
  updated_at: '2021-03-31T19:18:11.479Z',
  user_id: 'auth0|6064caf301e2c500692127ea'
}
Deprecated as of 10.7.0. highlight(lang, code, ...args) has been deprecated.
Deprecated as of 10.7.0. Please use highlight(code, options) instead.
https://github.com/highlightjs/highlight.js/issues/2277
query: INSERT INTO "user"("id", "created_at", "first_name", "authz_sub", "updated_at", "last_name", "gender", "role", "picture", "nickname", "about", "linked_in_profile_address") VALUES (DEFAULT, DEFAULT, DEFAULT, $1, DEFAULT, $2, $3, $4, DEFAULT, DEFAULT, DEFAULT, DEFAULT) RETURNING "id", "created_at", "updated_at" -- PARAMETERS: ["auth0|6064caf301e2c500692127ea","Takahashi","MALE","Gerente Depto"]
Deprecated as of 10.7.0. highlight(lang, code, ...args) has been deprecated.
Deprecated as of 10.7.0. Please use highlight(code, options) instead.
https://github.com/highlightjs/highlight.js/issues/2277
query failed: INSERT INTO "user"("id", "created_at", "first_name", "authz_sub", "updated_at", "last_name", "gender", "role", "picture", "nickname", "about", "linked_in_profile_address") VALUES (DEFAULT, DEFAULT, DEFAULT, $1, DEFAULT, $2, $3, $4, DEFAULT, DEFAULT, DEFAULT, DEFAULT) RETURNING "id", "created_at", "updated_at" -- PARAMETERS: ["auth0|6064caf301e2c500692127ea","Takahashi","MALE","Gerente Depto"]
error: error: null value in column "first_name" of relation "user" violates not-null constraint
    at Parser.parseErrorMessage (/workspaces/business/node_modules/pg-protocol/dist/parser.js:278:15)
    at Parser.handlePacket (/workspaces/business/node_modules/pg-protocol/dist/parser.js:126:29)
    at Parser.parse (/workspaces/business/node_modules/pg-protocol/dist/parser.js:39:38)
    at Socket.<anonymous> (/workspaces/business/node_modules/pg-protocol/dist/index.js:10:42)
    at Socket.emit (node:events:376:20)
    at addChunk (node:internal/streams/readable:311:12)
    at readableAddChunk (node:internal/streams/readable:286:9)
    at Socket.Readable.push (node:internal/streams/readable:225:10)
    at TCP.onStreamRead (node:internal/stream_base_commons:192:23) {
  length: 380,
  severity: 'ERROR',
  code: '23502',
  detail: 'Failing row contains (auth0|6064caf301e2c500692127ea, 2021-03-31 19:18:11.50689, 2021-03-31 19:18:11.50689, Gerente Depto, null, 7a61d260-b249-4b34-9cb5-5a5bd2335429, MALE, null, Takahashi, null, null, null).',
  hint: undefined,
  position: undefined,
  internalPosition: undefined,
  internalQuery: undefined,
  where: undefined,
  schema: 'public',
  table: 'user',
  column: 'first_name',
  dataType: undefined,
  constraint: undefined,
  file: 'execMain.c',
  line: '1953',
  routine: 'ExecConstraints'
}
➤ Created user undefined with ID auth0|6064caf33a3f5700708df276: {
  created_at: '2021-03-31T19:18:12.002Z',
  email: 'tania.tafulla@sakata.com.br',
  email_verified: false,
  identities: [
    {
      connection: 'Username-Password-Authentication',
      user_id: '6064caf33a3f5700708df276',
      provider: 'auth0',
      isSocial: false
    }
  ],
  name: 'undefined Tafulla',
  nickname: 'tania.tafulla',
  picture: 'https://s.gravatar.com/avatar/199a513e62c8462dd52ad3c3856c6a65?s=480&r=pg&d=https%3A%2F%2Fcdn.auth0.com%2Favatars%2Fut.png',
  updated_at: '2021-03-31T19:18:12.002Z',
  user_id: 'auth0|6064caf33a3f5700708df276'
}
Deprecated as of 10.7.0. highlight(lang, code, ...args) has been deprecated.
Deprecated as of 10.7.0. Please use highlight(code, options) instead.
https://github.com/highlightjs/highlight.js/issues/2277
query: INSERT INTO "user"("id", "created_at", "first_name", "authz_sub", "updated_at", "last_name", "gender", "role", "picture", "nickname", "about", "linked_in_profile_address") VALUES (DEFAULT, DEFAULT, DEFAULT, $1, DEFAULT, $2, $3, $4, DEFAULT, DEFAULT, DEFAULT, DEFAULT) RETURNING "id", "created_at", "updated_at" -- PARAMETERS: ["auth0|6064caf33a3f5700708df276","Tafulla","FEMALE","Auxiliar"]
Deprecated as of 10.7.0. highlight(lang, code, ...args) has been deprecated.
Deprecated as of 10.7.0. Please use highlight(code, options) instead.
https://github.com/highlightjs/highlight.js/issues/2277
query failed: INSERT INTO "user"("id", "created_at", "first_name", "authz_sub", "updated_at", "last_name", "gender", "role", "picture", "nickname", "about", "linked_in_profile_address") VALUES (DEFAULT, DEFAULT, DEFAULT, $1, DEFAULT, $2, $3, $4, DEFAULT, DEFAULT, DEFAULT, DEFAULT) RETURNING "id", "created_at", "updated_at" -- PARAMETERS: ["auth0|6064caf33a3f5700708df276","Tafulla","FEMALE","Auxiliar"]
error: error: null value in column "first_name" of relation "user" violates not-null constraint
    at Parser.parseErrorMessage (/workspaces/business/node_modules/pg-protocol/dist/parser.js:278:15)
    at Parser.handlePacket (/workspaces/business/node_modules/pg-protocol/dist/parser.js:126:29)
    at Parser.parse (/workspaces/business/node_modules/pg-protocol/dist/parser.js:39:38)
    at Socket.<anonymous> (/workspaces/business/node_modules/pg-protocol/dist/index.js:10:42)
    at Socket.emit (node:events:376:20)
    at addChunk (node:internal/streams/readable:311:12)
    at readableAddChunk (node:internal/streams/readable:286:9)
    at Socket.Readable.push (node:internal/streams/readable:225:10)
    at TCP.onStreamRead (node:internal/stream_base_commons:192:23) {
  length: 377,
  severity: 'ERROR',
  code: '23502',
  detail: 'Failing row contains (auth0|6064caf33a3f5700708df276, 2021-03-31 19:18:12.042728, 2021-03-31 19:18:12.042728, Auxiliar, null, 35e785e7-a8b7-458f-9a22-435a556e626f, FEMALE, null, Tafulla, null, null, null).',
  hint: undefined,
  position: undefined,
  internalPosition: undefined,
  internalQuery: undefined,
  where: undefined,
  schema: 'public',
  table: 'user',
  column: 'first_name',
  dataType: undefined,
  constraint: undefined,
  file: 'execMain.c',
  line: '1953',
  routine: 'ExecConstraints'
}
➤ Assigned role Team Member to user auth0|6064caf21549f20070e5af22 (undefined): [
  {
    id: 'rol_dcgIgndcqBaaRH8r',
    name: 'Team Member',
    description: 'A common team member, which can create reports and see restricted data'
  }
]
➤ Created user undefined with ID auth0|6064caf5a211bb0068a2ba98: {
  created_at: '2021-03-31T19:18:13.588Z',
  email: 'clovis.sousa@sakata.com.br',
  email_verified: false,
  identities: [
    {
      connection: 'Username-Password-Authentication',
      user_id: '6064caf5a211bb0068a2ba98',
      provider: 'auth0',
      isSocial: false
    }
  ],
  name: 'undefined Sousa',
  nickname: 'clovis.sousa',
  picture: 'https://s.gravatar.com/avatar/bac08e51c6560b195e97b124b91e37a9?s=480&r=pg&d=https%3A%2F%2Fcdn.auth0.com%2Favatars%2Fus.png',
  updated_at: '2021-03-31T19:18:13.588Z',
  user_id: 'auth0|6064caf5a211bb0068a2ba98'
}
Deprecated as of 10.7.0. highlight(lang, code, ...args) has been deprecated.
Deprecated as of 10.7.0. Please use highlight(code, options) instead.
https://github.com/highlightjs/highlight.js/issues/2277
query: INSERT INTO "user"("id", "created_at", "first_name", "authz_sub", "updated_at", "last_name", "gender", "role", "picture", "nickname", "about", "linked_in_profile_address") VALUES (DEFAULT, DEFAULT, DEFAULT, $1, DEFAULT, $2, $3, $4, DEFAULT, DEFAULT, DEFAULT, DEFAULT) RETURNING "id", "created_at", "updated_at" -- PARAMETERS: ["auth0|6064caf5a211bb0068a2ba98","Sousa","MALE","Gerente Setor"]
Deprecated as of 10.7.0. highlight(lang, code, ...args) has been deprecated.
Deprecated as of 10.7.0. Please use highlight(code, options) instead.
https://github.com/highlightjs/highlight.js/issues/2277
query failed: INSERT INTO "user"("id", "created_at", "first_name", "authz_sub", "updated_at", "last_name", "gender", "role", "picture", "nickname", "about", "linked_in_profile_address") VALUES (DEFAULT, DEFAULT, DEFAULT, $1, DEFAULT, $2, $3, $4, DEFAULT, DEFAULT, DEFAULT, DEFAULT) RETURNING "id", "created_at", "updated_at" -- PARAMETERS: ["auth0|6064caf5a211bb0068a2ba98","Sousa","MALE","Gerente Setor"]
error: error: null value in column "first_name" of relation "user" violates not-null constraint
    at Parser.parseErrorMessage (/workspaces/business/node_modules/pg-protocol/dist/parser.js:278:15)
    at Parser.handlePacket (/workspaces/business/node_modules/pg-protocol/dist/parser.js:126:29)
    at Parser.parse (/workspaces/business/node_modules/pg-protocol/dist/parser.js:39:38)
    at Socket.<anonymous> (/workspaces/business/node_modules/pg-protocol/dist/index.js:10:42)
    at Socket.emit (node:events:376:20)
    at addChunk (node:internal/streams/readable:311:12)
    at readableAddChunk (node:internal/streams/readable:286:9)
    at Socket.Readable.push (node:internal/streams/readable:225:10)
    at TCP.onStreamRead (node:internal/stream_base_commons:192:23) {
  length: 378,
  severity: 'ERROR',
  code: '23502',
  detail: 'Failing row contains (auth0|6064caf5a211bb0068a2ba98, 2021-03-31 19:18:13.608078, 2021-03-31 19:18:13.608078, Gerente Setor, null, 8fb2d5ac-89c3-4871-9703-d704f7b7c12c, MALE, null, Sousa, null, null, null).',
  hint: undefined,
  position: undefined,
  internalPosition: undefined,
  internalQuery: undefined,
  where: undefined,
  schema: 'public',
  table: 'user',
  column: 'first_name',
  dataType: undefined,
  constraint: undefined,
  file: 'execMain.c',
  line: '1953',
  routine: 'ExecConstraints'
}
➤ Created user undefined with ID auth0|6064caf53a3f5700708df279: {
  created_at: '2021-03-31T19:18:14.004Z',
  email: 'reginaldo.valerio@sakata.com.br',
  email_verified: false,
  identities: [
    {
      connection: 'Username-Password-Authentication',
      user_id: '6064caf53a3f5700708df279',
      provider: 'auth0',
      isSocial: false
    }
  ],
  name: 'undefined Valerio',
  nickname: 'reginaldo.valerio',
  picture: 'https://s.gravatar.com/avatar/8aa15aa3aa2273d40614dd9b634d2796?s=480&r=pg&d=https%3A%2F%2Fcdn.auth0.com%2Favatars%2Fuv.png',
  updated_at: '2021-03-31T19:18:14.004Z',
  user_id: 'auth0|6064caf53a3f5700708df279'
}
Deprecated as of 10.7.0. highlight(lang, code, ...args) has been deprecated.
Deprecated as of 10.7.0. Please use highlight(code, options) instead.
https://github.com/highlightjs/highlight.js/issues/2277
query: INSERT INTO "user"("id", "created_at", "first_name", "authz_sub", "updated_at", "last_name", "gender", "role", "picture", "nickname", "about", "linked_in_profile_address") VALUES (DEFAULT, DEFAULT, DEFAULT, $1, DEFAULT, $2, $3, $4, DEFAULT, DEFAULT, DEFAULT, DEFAULT) RETURNING "id", "created_at", "updated_at" -- PARAMETERS: ["auth0|6064caf53a3f5700708df279","Valerio","MALE","Assistente"]
Deprecated as of 10.7.0. highlight(lang, code, ...args) has been deprecated.
Deprecated as of 10.7.0. Please use highlight(code, options) instead.
https://github.com/highlightjs/highlight.js/issues/2277
query failed: INSERT INTO "user"("id", "created_at", "first_name", "authz_sub", "updated_at", "last_name", "gender", "role", "picture", "nickname", "about", "linked_in_profile_address") VALUES (DEFAULT, DEFAULT, DEFAULT, $1, DEFAULT, $2, $3, $4, DEFAULT, DEFAULT, DEFAULT, DEFAULT) RETURNING "id", "created_at", "updated_at" -- PARAMETERS: ["auth0|6064caf53a3f5700708df279","Valerio","MALE","Assistente"]
error: error: null value in column "first_name" of relation "user" violates not-null constraint
    at Parser.parseErrorMessage (/workspaces/business/node_modules/pg-protocol/dist/parser.js:278:15)
    at Parser.handlePacket (/workspaces/business/node_modules/pg-protocol/dist/parser.js:126:29)
    at Parser.parse (/workspaces/business/node_modules/pg-protocol/dist/parser.js:39:38)
    at Socket.<anonymous> (/workspaces/business/node_modules/pg-protocol/dist/index.js:10:42)
    at Socket.emit (node:events:376:20)
    at addChunk (node:internal/streams/readable:311:12)
    at readableAddChunk (node:internal/streams/readable:286:9)
    at Socket.Readable.push (node:internal/streams/readable:225:10)
    at TCP.onStreamRead (node:internal/stream_base_commons:192:23) {
  length: 375,
  severity: 'ERROR',
  code: '23502',
  detail: 'Failing row contains (auth0|6064caf53a3f5700708df279, 2021-03-31 19:18:14.02338, 2021-03-31 19:18:14.02338, Assistente, null, e27a7ef0-b77f-47d2-8f1e-a0c7e7135ad0, MALE, null, Valerio, null, null, null).',
  hint: undefined,
  position: undefined,
  internalPosition: undefined,
  internalQuery: undefined,
  where: undefined,
  schema: 'public',
  table: 'user',
  column: 'first_name',
  dataType: undefined,
  constraint: undefined,
  file: 'execMain.c',
  line: '1953',
  routine: 'ExecConstraints'
}
➤ Created user undefined with ID auth0|6064caf60346230069f74917: {
  created_at: '2021-03-31T19:18:14.462Z',
  email: 'charles.oliveira@sakata.com.br',
  email_verified: false,
  identities: [
    {
      connection: 'Username-Password-Authentication',
      user_id: '6064caf60346230069f74917',
      provider: 'auth0',
      isSocial: false
    }
  ],
  name: 'undefined Oliveira',
  nickname: 'charles.oliveira',
  picture: 'https://s.gravatar.com/avatar/3e3fc172343f9d6ac602785768a7001d?s=480&r=pg&d=https%3A%2F%2Fcdn.auth0.com%2Favatars%2Fuo.png',
  updated_at: '2021-03-31T19:18:14.462Z',
  user_id: 'auth0|6064caf60346230069f74917'
}
Deprecated as of 10.7.0. highlight(lang, code, ...args) has been deprecated.
Deprecated as of 10.7.0. Please use highlight(code, options) instead.
https://github.com/highlightjs/highlight.js/issues/2277
query: INSERT INTO "user"("id", "created_at", "first_name", "authz_sub", "updated_at", "last_name", "gender", "role", "picture", "nickname", "about", "linked_in_profile_address") VALUES (DEFAULT, DEFAULT, DEFAULT, $1, DEFAULT, $2, $3, $4, DEFAULT, DEFAULT, DEFAULT, DEFAULT) RETURNING "id", "created_at", "updated_at" -- PARAMETERS: ["auth0|6064caf60346230069f74917","Oliveira","MALE","Auxiliar"]
Deprecated as of 10.7.0. highlight(lang, code, ...args) has been deprecated.
Deprecated as of 10.7.0. Please use highlight(code, options) instead.
https://github.com/highlightjs/highlight.js/issues/2277
query failed: INSERT INTO "user"("id", "created_at", "first_name", "authz_sub", "updated_at", "last_name", "gender", "role", "picture", "nickname", "about", "linked_in_profile_address") VALUES (DEFAULT, DEFAULT, DEFAULT, $1, DEFAULT, $2, $3, $4, DEFAULT, DEFAULT, DEFAULT, DEFAULT) RETURNING "id", "created_at", "updated_at" -- PARAMETERS: ["auth0|6064caf60346230069f74917","Oliveira","MALE","Auxiliar"]
error: error: null value in column "first_name" of relation "user" violates not-null constraint
    at Parser.parseErrorMessage (/workspaces/business/node_modules/pg-protocol/dist/parser.js:278:15)
    at Parser.handlePacket (/workspaces/business/node_modules/pg-protocol/dist/parser.js:126:29)
    at Parser.parse (/workspaces/business/node_modules/pg-protocol/dist/parser.js:39:38)
    at Socket.<anonymous> (/workspaces/business/node_modules/pg-protocol/dist/index.js:10:42)
    at Socket.emit (node:events:376:20)
    at addChunk (node:internal/streams/readable:311:12)
    at readableAddChunk (node:internal/streams/readable:286:9)
    at Socket.Readable.push (node:internal/streams/readable:225:10)
    at TCP.onStreamRead (node:internal/stream_base_commons:192:23) {
  length: 376,
  severity: 'ERROR',
  code: '23502',
  detail: 'Failing row contains (auth0|6064caf60346230069f74917, 2021-03-31 19:18:14.488573, 2021-03-31 19:18:14.488573, Auxiliar, null, 530a2d82-7f96-40fa-9e65-78969ecf1d41, MALE, null, Oliveira, null, null, null).',
  hint: undefined,
  position: undefined,
  internalPosition: undefined,
  internalQuery: undefined,
  where: undefined,
  schema: 'public',
  table: 'user',
  column: 'first_name',
  dataType: undefined,
  constraint: undefined,
  file: 'execMain.c',
  line: '1953',
  routine: 'ExecConstraints'
}
➤ Created user undefined with ID auth0|6064caf60346230069f74919: {
  created_at: '2021-03-31T19:18:14.963Z',
  email: 'robert.wierzbicki@sakata.com.br',
  email_verified: false,
  identities: [
    {
      connection: 'Username-Password-Authentication',
      user_id: '6064caf60346230069f74919',
      provider: 'auth0',
      isSocial: false
    }
  ],
  name: 'undefined Wierzbicki',
  nickname: 'robert.wierzbicki',
  picture: 'https://s.gravatar.com/avatar/2fb0e84fc097b4c67f6c9fa08fcbc3e2?s=480&r=pg&d=https%3A%2F%2Fcdn.auth0.com%2Favatars%2Fuw.png',
  updated_at: '2021-03-31T19:18:14.963Z',
  user_id: 'auth0|6064caf60346230069f74919'
}
Deprecated as of 10.7.0. highlight(lang, code, ...args) has been deprecated.
Deprecated as of 10.7.0. Please use highlight(code, options) instead.
https://github.com/highlightjs/highlight.js/issues/2277
query: INSERT INTO "user"("id", "created_at", "first_name", "authz_sub", "updated_at", "last_name", "gender", "role", "picture", "nickname", "about", "linked_in_profile_address") VALUES (DEFAULT, DEFAULT, DEFAULT, $1, DEFAULT, $2, $3, $4, DEFAULT, DEFAULT, DEFAULT, DEFAULT) RETURNING "id", "created_at", "updated_at" -- PARAMETERS: ["auth0|6064caf60346230069f74919","Wierzbicki","MALE","Gerente Setor"]
Deprecated as of 10.7.0. highlight(lang, code, ...args) has been deprecated.
Deprecated as of 10.7.0. Please use highlight(code, options) instead.
https://github.com/highlightjs/highlight.js/issues/2277
query failed: INSERT INTO "user"("id", "created_at", "first_name", "authz_sub", "updated_at", "last_name", "gender", "role", "picture", "nickname", "about", "linked_in_profile_address") VALUES (DEFAULT, DEFAULT, DEFAULT, $1, DEFAULT, $2, $3, $4, DEFAULT, DEFAULT, DEFAULT, DEFAULT) RETURNING "id", "created_at", "updated_at" -- PARAMETERS: ["auth0|6064caf60346230069f74919","Wierzbicki","MALE","Gerente Setor"]
error: error: null value in column "first_name" of relation "user" violates not-null constraint
    at Parser.parseErrorMessage (/workspaces/business/node_modules/pg-protocol/dist/parser.js:278:15)
    at Parser.handlePacket (/workspaces/business/node_modules/pg-protocol/dist/parser.js:126:29)
    at Parser.parse (/workspaces/business/node_modules/pg-protocol/dist/parser.js:39:38)
    at Socket.<anonymous> (/workspaces/business/node_modules/pg-protocol/dist/index.js:10:42)
    at Socket.emit (node:events:376:20)
    at addChunk (node:internal/streams/readable:311:12)
    at readableAddChunk (node:internal/streams/readable:286:9)
    at Socket.Readable.push (node:internal/streams/readable:225:10)
    at TCP.onStreamRead (node:internal/stream_base_commons:192:23) {
  length: 381,
  severity: 'ERROR',
  code: '23502',
  detail: 'Failing row contains (auth0|6064caf60346230069f74919, 2021-03-31 19:18:14.97991, 2021-03-31 19:18:14.97991, Gerente Setor, null, 467b7c10-883d-4693-b01a-b540999a0c5c, MALE, null, Wierzbicki, null, null, null).',
  hint: undefined,
  position: undefined,
  internalPosition: undefined,
  internalQuery: undefined,
  where: undefined,
  schema: 'public',
  table: 'user',
  column: 'first_name',
  dataType: undefined,
  constraint: undefined,
  file: 'execMain.c',
  line: '1953',
  routine: 'ExecConstraints'
}
➤ Created user undefined with ID auth0|6064caf8a211bb0068a2ba9c: {
  created_at: '2021-03-31T19:18:16.033Z',
  email: 'godofredo.azevedo@sakata.com.br',
  email_verified: false,
  identities: [
    {
      connection: 'Username-Password-Authentication',
      user_id: '6064caf8a211bb0068a2ba9c',
      provider: 'auth0',
      isSocial: false
    }
  ],
  name: 'undefined Azevedo',
  nickname: 'godofredo.azevedo',
  picture: 'https://s.gravatar.com/avatar/651ff24350c334412348952faebdcf11?s=480&r=pg&d=https%3A%2F%2Fcdn.auth0.com%2Favatars%2Fua.png',
  updated_at: '2021-03-31T19:18:16.033Z',
  user_id: 'auth0|6064caf8a211bb0068a2ba9c'
}
Deprecated as of 10.7.0. highlight(lang, code, ...args) has been deprecated.
Deprecated as of 10.7.0. Please use highlight(code, options) instead.
https://github.com/highlightjs/highlight.js/issues/2277
query: INSERT INTO "user"("id", "created_at", "first_name", "authz_sub", "updated_at", "last_name", "gender", "role", "picture", "nickname", "about", "linked_in_profile_address") VALUES (DEFAULT, DEFAULT, DEFAULT, $1, DEFAULT, $2, $3, $4, DEFAULT, DEFAULT, DEFAULT, DEFAULT) RETURNING "id", "created_at", "updated_at" -- PARAMETERS: ["auth0|6064caf8a211bb0068a2ba9c","Azevedo","MALE","Assistente"]
Deprecated as of 10.7.0. highlight(lang, code, ...args) has been deprecated.
Deprecated as of 10.7.0. Please use highlight(code, options) instead.
https://github.com/highlightjs/highlight.js/issues/2277
query failed: INSERT INTO "user"("id", "created_at", "first_name", "authz_sub", "updated_at", "last_name", "gender", "role", "picture", "nickname", "about", "linked_in_profile_address") VALUES (DEFAULT, DEFAULT, DEFAULT, $1, DEFAULT, $2, $3, $4, DEFAULT, DEFAULT, DEFAULT, DEFAULT) RETURNING "id", "created_at", "updated_at" -- PARAMETERS: ["auth0|6064caf8a211bb0068a2ba9c","Azevedo","MALE","Assistente"]
error: error: null value in column "first_name" of relation "user" violates not-null constraint
    at Parser.parseErrorMessage (/workspaces/business/node_modules/pg-protocol/dist/parser.js:278:15)
    at Parser.handlePacket (/workspaces/business/node_modules/pg-protocol/dist/parser.js:126:29)
    at Parser.parse (/workspaces/business/node_modules/pg-protocol/dist/parser.js:39:38)
    at Socket.<anonymous> (/workspaces/business/node_modules/pg-protocol/dist/index.js:10:42)
    at Socket.emit (node:events:376:20)
    at addChunk (node:internal/streams/readable:311:12)
    at readableAddChunk (node:internal/streams/readable:286:9)
    at Socket.Readable.push (node:internal/streams/readable:225:10)
    at TCP.onStreamRead (node:internal/stream_base_commons:192:23) {
  length: 377,
  severity: 'ERROR',
  code: '23502',
  detail: 'Failing row contains (auth0|6064caf8a211bb0068a2ba9c, 2021-03-31 19:18:16.073966, 2021-03-31 19:18:16.073966, Assistente, null, 11bb59cb-f0fc-4c9d-acf2-ab16806fb671, MALE, null, Azevedo, null, null, null).',
  hint: undefined,
  position: undefined,
  internalPosition: undefined,
  internalQuery: undefined,
  where: undefined,
  schema: 'public',
  table: 'user',
  column: 'first_name',
  dataType: undefined,
  constraint: undefined,
  file: 'execMain.c',
  line: '1953',
  routine: 'ExecConstraints'
}
